<?xml version="1.0" encoding="UTF-8"?>
<!-- Generated by org.testng.reporters.JUnitReportReporter -->
<testsuite hostname="Dona" failures="0" tests="2" name="testcases.LoginTest" time="11.203" errors="0" timestamp="2023-06-24T20:26:59 IST" skipped="0">
  <testcase classname="testcases.LoginTest" name="loginToApplication" time="3.595"/>
  <system-out/>
  <testcase classname="testcases.LoginTest" name="loginToApplication" time="7.608"/>
  <system-out/>
</testsuite> <!-- testcases.LoginTest -->
